Compiling the CXX compiler identification source file "CMakeCXXCompilerId.cpp" failed.
Compiler: /usr/bin/c++ 
Build flags: 
Id flags:  

The output was:
1
CMakeCXXCompilerId.cpp:1: internal compiler error: 段错误
 /* This source file must have a .cpp extension so that all C++ compilers
 
0x7f5e15bddc9f ???
	/build/glibc-2.28.31/signal/../sysdeps/unix/sysv/linux/x86_64/sigaction.c:0
0x7f5e15bca1fa __libc_start_main
	../csu/libc-start.c:308
Please submit a full bug report,
with preprocessed source if appropriate.
Please include the complete backtrace with any bug report.
See <file:///usr/share/doc/gcc-8/README.Bugs> for instructions.


Compiling the CXX compiler identification source file "CMakeCXXCompilerId.cpp" failed.
Compiler: /usr/bin/c++ 
Build flags: 
Id flags: -c 

The output was:
1
CMakeCXXCompilerId.cpp:1: internal compiler error: 段错误
 /* This source file must have a .cpp extension so that all C++ compilers
 
0x7fa5ae5dac9f ???
	/build/glibc-2.28.31/signal/../sysdeps/unix/sysv/linux/x86_64/sigaction.c:0
0x7fa5ae5c71fa __libc_start_main
	../csu/libc-start.c:308
Please submit a full bug report,
with preprocessed source if appropriate.
Please include the complete backtrace with any bug report.
See <file:///usr/share/doc/gcc-8/README.Bugs> for instructions.


Compiling the CXX compiler identification source file "CMakeCXXCompilerId.cpp" failed.
Compiler: /usr/bin/c++ 
Build flags: 
Id flags: --c++ 

The output was:
1
c++: error: unrecognized command line option ‘--c++’


Compiling the CXX compiler identification source file "CMakeCXXCompilerId.cpp" failed.
Compiler: /usr/bin/c++ 
Build flags: 
Id flags: --ec++ 

The output was:
1
c++: error: unrecognized command line option ‘--ec++’; did you mean ‘-Weffc++’?


Compiling the CXX compiler identification source file "CMakeCXXCompilerId.cpp" failed.
Compiler: /usr/bin/c++ 
Build flags: 
Id flags: --target=arm-arm-none-eabi;-mcpu=cortex-m3 

The output was:
1
c++: warning: ‘-mcpu=’ is deprecated; use ‘-mtune=’ or ‘-march=’ instead
c++: error: unrecognized command line option ‘--target=arm-arm-none-eabi’


Compiling the CXX compiler identification source file "CMakeCXXCompilerId.cpp" failed.
Compiler: /usr/bin/c++ 
Build flags: 
Id flags: -c;-I__does_not_exist__ 

The output was:
1
CMakeCXXCompilerId.cpp:1: internal compiler error: 段错误
 /* This source file must have a .cpp extension so that all C++ compilers
 
0x7f25ba64ec9f ???
	/build/glibc-2.28.31/signal/../sysdeps/unix/sysv/linux/x86_64/sigaction.c:0
0x7f25ba63b1fa __libc_start_main
	../csu/libc-start.c:308
Please submit a full bug report,
with preprocessed source if appropriate.
Please include the complete backtrace with any bug report.
See <file:///usr/share/doc/gcc-8/README.Bugs> for instructions.


Compiling the CXX compiler identification source file "CMakeCXXCompilerId.cpp" failed.
Compiler: /usr/bin/c++ 
Build flags: 
Id flags:  

The output was:
1
CMakeCXXCompilerId.cpp:1: internal compiler error: 段错误
 /* This source file must have a .cpp extension so that all C++ compilers
 
0x7f2d1bf67c9f ???
	/build/glibc-2.28.31/signal/../sysdeps/unix/sysv/linux/x86_64/sigaction.c:0
0x7f2d1bf541fa __libc_start_main
	../csu/libc-start.c:308
Please submit a full bug report,
with preprocessed source if appropriate.
Please include the complete backtrace with any bug report.
See <file:///usr/share/doc/gcc-8/README.Bugs> for instructions.


Compiling the CXX compiler identification source file "CMakeCXXCompilerId.cpp" failed.
Compiler: /usr/bin/c++ 
Build flags: 
Id flags: -c 

The output was:
1
CMakeCXXCompilerId.cpp:1: internal compiler error: 段错误
 /* This source file must have a .cpp extension so that all C++ compilers
 
0x7f68838b9c9f ???
	/build/glibc-2.28.31/signal/../sysdeps/unix/sysv/linux/x86_64/sigaction.c:0
0x7f68838a61fa __libc_start_main
	../csu/libc-start.c:308
Please submit a full bug report,
with preprocessed source if appropriate.
Please include the complete backtrace with any bug report.
See <file:///usr/share/doc/gcc-8/README.Bugs> for instructions.


Compiling the CXX compiler identification source file "CMakeCXXCompilerId.cpp" failed.
Compiler: /usr/bin/c++ 
Build flags: 
Id flags: --c++ 

The output was:
1
c++: error: unrecognized command line option ‘--c++’


Compiling the CXX compiler identification source file "CMakeCXXCompilerId.cpp" failed.
Compiler: /usr/bin/c++ 
Build flags: 
Id flags: --ec++ 

The output was:
1
c++: error: unrecognized command line option ‘--ec++’; did you mean ‘-Weffc++’?


Compiling the CXX compiler identification source file "CMakeCXXCompilerId.cpp" failed.
Compiler: /usr/bin/c++ 
Build flags: 
Id flags: --target=arm-arm-none-eabi;-mcpu=cortex-m3 

The output was:
1
c++: warning: ‘-mcpu=’ is deprecated; use ‘-mtune=’ or ‘-march=’ instead
c++: error: unrecognized command line option ‘--target=arm-arm-none-eabi’


Compiling the CXX compiler identification source file "CMakeCXXCompilerId.cpp" failed.
Compiler: /usr/bin/c++ 
Build flags: 
Id flags: -c;-I__does_not_exist__ 

The output was:
1
CMakeCXXCompilerId.cpp:1: internal compiler error: 段错误
 /* This source file must have a .cpp extension so that all C++ compilers
 
0x7f2f8c30ac9f ???
	/build/glibc-2.28.31/signal/../sysdeps/unix/sysv/linux/x86_64/sigaction.c:0
0x7f2f8c2f71fa __libc_start_main
	../csu/libc-start.c:308
Please submit a full bug report,
with preprocessed source if appropriate.
Please include the complete backtrace with any bug report.
See <file:///usr/share/doc/gcc-8/README.Bugs> for instructions.


Checking whether the CXX compiler is IAR using "" did not match "IAR .+ Compiler":
c++: fatal error: no input files
compilation terminated.
Checking whether the CXX compiler is IAR using "" did not match "IAR .+ Compiler":
c++: fatal error: no input files
compilation terminated.
Detecting CXX compiler ABI info failed to compile with the following output:
Change Dir: /home/dxnu/private/limiu/findex/build/CMakeFiles/CMakeTmp

Run Build Command(s):/usr/bin/make -f Makefile cmTC_ac400/fast && /usr/bin/make  -f CMakeFiles/cmTC_ac400.dir/build.make CMakeFiles/cmTC_ac400.dir/build
make[1]: Entering directory '/home/dxnu/private/limiu/findex/build/CMakeFiles/CMakeTmp'
Building CXX object CMakeFiles/cmTC_ac400.dir/CMakeCXXCompilerABI.cpp.o
/usr/bin/c++    -o CMakeFiles/cmTC_ac400.dir/CMakeCXXCompilerABI.cpp.o -c /usr/share/cmake-3.22/Modules/CMakeCXXCompilerABI.cpp
/usr/share/cmake-3.22/Modules/CMakeCXXCompilerABI.cpp:1: internal compiler error: Segmentation fault
 #ifndef __cplusplus
 
0x7f2ca6baac9f ???
	/build/glibc-2.28.31/signal/../sysdeps/unix/sysv/linux/x86_64/sigaction.c:0
0x7f2ca6b971fa __libc_start_main
	../csu/libc-start.c:308
Please submit a full bug report,
with preprocessed source if appropriate.
Please include the complete backtrace with any bug report.
See <file:///usr/share/doc/gcc-8/README.Bugs> for instructions.
make[1]: *** [CMakeFiles/cmTC_ac400.dir/build.make:78: CMakeFiles/cmTC_ac400.dir/CMakeCXXCompilerABI.cpp.o] Error 1
make[1]: Leaving directory '/home/dxnu/private/limiu/findex/build/CMakeFiles/CMakeTmp'
make: *** [Makefile:127: cmTC_ac400/fast] Error 2




Determining if the CXX compiler works failed with the following output:
Change Dir: /home/dxnu/private/limiu/findex/build/CMakeFiles/CMakeTmp

Run Build Command(s):/usr/bin/make -f Makefile cmTC_c3694/fast && /usr/bin/make  -f CMakeFiles/cmTC_c3694.dir/build.make CMakeFiles/cmTC_c3694.dir/build
make[1]: 进入目录“/home/dxnu/private/limiu/findex/build/CMakeFiles/CMakeTmp”
Building CXX object CMakeFiles/cmTC_c3694.dir/testCXXCompiler.cxx.o
/usr/bin/c++    -o CMakeFiles/cmTC_c3694.dir/testCXXCompiler.cxx.o -c /home/dxnu/private/limiu/findex/build/CMakeFiles/CMakeTmp/testCXXCompiler.cxx
/home/dxnu/private/limiu/findex/build/CMakeFiles/CMakeTmp/testCXXCompiler.cxx:1: internal compiler error: 段错误
 #ifndef __cplusplus
 
0x7f62bb693c9f ???
	/build/glibc-2.28.31/signal/../sysdeps/unix/sysv/linux/x86_64/sigaction.c:0
0x7f62bb6801fa __libc_start_main
	../csu/libc-start.c:308
Please submit a full bug report,
with preprocessed source if appropriate.
Please include the complete backtrace with any bug report.
See <file:///usr/share/doc/gcc-8/README.Bugs> for instructions.
make[1]: *** [CMakeFiles/cmTC_c3694.dir/build.make:78：CMakeFiles/cmTC_c3694.dir/testCXXCompiler.cxx.o] 错误 1
make[1]: 离开目录“/home/dxnu/private/limiu/findex/build/CMakeFiles/CMakeTmp”
make: *** [Makefile:127：cmTC_c3694/fast] 错误 2



Compiling the CXX compiler identification source file "CMakeCXXCompilerId.cpp" failed.
Compiler: /usr/bin/c++ 
Build flags: 
Id flags:  

The output was:
1
CMakeCXXCompilerId.cpp:1: internal compiler error: 段错误
 /* This source file must have a .cpp extension so that all C++ compilers
 
0x7ff1ce2ccc9f ???
	/build/glibc-2.28.31/signal/../sysdeps/unix/sysv/linux/x86_64/sigaction.c:0
0x7ff1ce2b91fa __libc_start_main
	../csu/libc-start.c:308
Please submit a full bug report,
with preprocessed source if appropriate.
Please include the complete backtrace with any bug report.
See <file:///usr/share/doc/gcc-8/README.Bugs> for instructions.


Compiling the CXX compiler identification source file "CMakeCXXCompilerId.cpp" failed.
Compiler: /usr/bin/c++ 
Build flags: 
Id flags: -c 

The output was:
1
CMakeCXXCompilerId.cpp:1: internal compiler error: 段错误
 /* This source file must have a .cpp extension so that all C++ compilers
 
0x7fd24e204c9f ???
	/build/glibc-2.28.31/signal/../sysdeps/unix/sysv/linux/x86_64/sigaction.c:0
0x7fd24e1f11fa __libc_start_main
	../csu/libc-start.c:308
Please submit a full bug report,
with preprocessed source if appropriate.
Please include the complete backtrace with any bug report.
See <file:///usr/share/doc/gcc-8/README.Bugs> for instructions.


Compiling the CXX compiler identification source file "CMakeCXXCompilerId.cpp" failed.
Compiler: /usr/bin/c++ 
Build flags: 
Id flags: --c++ 

The output was:
1
c++: error: unrecognized command line option ‘--c++’


Compiling the CXX compiler identification source file "CMakeCXXCompilerId.cpp" failed.
Compiler: /usr/bin/c++ 
Build flags: 
Id flags: --ec++ 

The output was:
1
c++: error: unrecognized command line option ‘--ec++’; did you mean ‘-Weffc++’?


Compiling the CXX compiler identification source file "CMakeCXXCompilerId.cpp" failed.
Compiler: /usr/bin/c++ 
Build flags: 
Id flags: --target=arm-arm-none-eabi;-mcpu=cortex-m3 

The output was:
1
c++: warning: ‘-mcpu=’ is deprecated; use ‘-mtune=’ or ‘-march=’ instead
c++: error: unrecognized command line option ‘--target=arm-arm-none-eabi’


Compiling the CXX compiler identification source file "CMakeCXXCompilerId.cpp" failed.
Compiler: /usr/bin/c++ 
Build flags: 
Id flags: -c;-I__does_not_exist__ 

The output was:
1
CMakeCXXCompilerId.cpp:1: internal compiler error: 段错误
 /* This source file must have a .cpp extension so that all C++ compilers
 
0x7f49a6062c9f ???
	/build/glibc-2.28.31/signal/../sysdeps/unix/sysv/linux/x86_64/sigaction.c:0
0x7f49a604f1fa __libc_start_main
	../csu/libc-start.c:308
Please submit a full bug report,
with preprocessed source if appropriate.
Please include the complete backtrace with any bug report.
See <file:///usr/share/doc/gcc-8/README.Bugs> for instructions.


Compiling the CXX compiler identification source file "CMakeCXXCompilerId.cpp" failed.
Compiler: /usr/bin/c++ 
Build flags: 
Id flags:  

The output was:
1
CMakeCXXCompilerId.cpp:1: internal compiler error: 段错误
 /* This source file must have a .cpp extension so that all C++ compilers
 
0x7ff25241dc9f ???
	/build/glibc-2.28.31/signal/../sysdeps/unix/sysv/linux/x86_64/sigaction.c:0
0x7ff25240a1fa __libc_start_main
	../csu/libc-start.c:308
Please submit a full bug report,
with preprocessed source if appropriate.
Please include the complete backtrace with any bug report.
See <file:///usr/share/doc/gcc-8/README.Bugs> for instructions.


Compiling the CXX compiler identification source file "CMakeCXXCompilerId.cpp" failed.
Compiler: /usr/bin/c++ 
Build flags: 
Id flags: -c 

The output was:
1
CMakeCXXCompilerId.cpp:1: internal compiler error: 段错误
 /* This source file must have a .cpp extension so that all C++ compilers
 
0x7f8a27a79c9f ???
	/build/glibc-2.28.31/signal/../sysdeps/unix/sysv/linux/x86_64/sigaction.c:0
0x7f8a27a661fa __libc_start_main
	../csu/libc-start.c:308
Please submit a full bug report,
with preprocessed source if appropriate.
Please include the complete backtrace with any bug report.
See <file:///usr/share/doc/gcc-8/README.Bugs> for instructions.


Compiling the CXX compiler identification source file "CMakeCXXCompilerId.cpp" failed.
Compiler: /usr/bin/c++ 
Build flags: 
Id flags: --c++ 

The output was:
1
c++: error: unrecognized command line option ‘--c++’


Compiling the CXX compiler identification source file "CMakeCXXCompilerId.cpp" failed.
Compiler: /usr/bin/c++ 
Build flags: 
Id flags: --ec++ 

The output was:
1
c++: error: unrecognized command line option ‘--ec++’; did you mean ‘-Weffc++’?


Compiling the CXX compiler identification source file "CMakeCXXCompilerId.cpp" failed.
Compiler: /usr/bin/c++ 
Build flags: 
Id flags: --target=arm-arm-none-eabi;-mcpu=cortex-m3 

The output was:
1
c++: warning: ‘-mcpu=’ is deprecated; use ‘-mtune=’ or ‘-march=’ instead
c++: error: unrecognized command line option ‘--target=arm-arm-none-eabi’


Compiling the CXX compiler identification source file "CMakeCXXCompilerId.cpp" failed.
Compiler: /usr/bin/c++ 
Build flags: 
Id flags: -c;-I__does_not_exist__ 

The output was:
1
CMakeCXXCompilerId.cpp:1: internal compiler error: 段错误
 /* This source file must have a .cpp extension so that all C++ compilers
 
0x7ff394917c9f ???
	/build/glibc-2.28.31/signal/../sysdeps/unix/sysv/linux/x86_64/sigaction.c:0
0x7ff3949041fa __libc_start_main
	../csu/libc-start.c:308
Please submit a full bug report,
with preprocessed source if appropriate.
Please include the complete backtrace with any bug report.
See <file:///usr/share/doc/gcc-8/README.Bugs> for instructions.


Checking whether the CXX compiler is IAR using "" did not match "IAR .+ Compiler":
c++: fatal error: no input files
compilation terminated.
Checking whether the CXX compiler is IAR using "" did not match "IAR .+ Compiler":
c++: fatal error: no input files
compilation terminated.
Detecting CXX compiler ABI info failed to compile with the following output:
Change Dir: /home/dxnu/private/limiu/findex/build/CMakeFiles/CMakeTmp

Run Build Command(s):/usr/bin/make -f Makefile cmTC_e656c/fast && /usr/bin/make  -f CMakeFiles/cmTC_e656c.dir/build.make CMakeFiles/cmTC_e656c.dir/build
make[1]: Entering directory '/home/dxnu/private/limiu/findex/build/CMakeFiles/CMakeTmp'
Building CXX object CMakeFiles/cmTC_e656c.dir/CMakeCXXCompilerABI.cpp.o
/usr/bin/c++    -o CMakeFiles/cmTC_e656c.dir/CMakeCXXCompilerABI.cpp.o -c /usr/share/cmake-3.22/Modules/CMakeCXXCompilerABI.cpp
/usr/share/cmake-3.22/Modules/CMakeCXXCompilerABI.cpp:1: internal compiler error: Segmentation fault
 #ifndef __cplusplus
 
0x7f4a74aa9c9f ???
	/build/glibc-2.28.31/signal/../sysdeps/unix/sysv/linux/x86_64/sigaction.c:0
0x7f4a74a961fa __libc_start_main
	../csu/libc-start.c:308
Please submit a full bug report,
with preprocessed source if appropriate.
Please include the complete backtrace with any bug report.
See <file:///usr/share/doc/gcc-8/README.Bugs> for instructions.
make[1]: *** [CMakeFiles/cmTC_e656c.dir/build.make:78: CMakeFiles/cmTC_e656c.dir/CMakeCXXCompilerABI.cpp.o] Error 1
make[1]: Leaving directory '/home/dxnu/private/limiu/findex/build/CMakeFiles/CMakeTmp'
make: *** [Makefile:127: cmTC_e656c/fast] Error 2




Determining if the CXX compiler works failed with the following output:
Change Dir: /home/dxnu/private/limiu/findex/build/CMakeFiles/CMakeTmp

Run Build Command(s):/usr/bin/make -f Makefile cmTC_ae36c/fast && /usr/bin/make  -f CMakeFiles/cmTC_ae36c.dir/build.make CMakeFiles/cmTC_ae36c.dir/build
make[1]: 进入目录“/home/dxnu/private/limiu/findex/build/CMakeFiles/CMakeTmp”
Building CXX object CMakeFiles/cmTC_ae36c.dir/testCXXCompiler.cxx.o
/usr/bin/c++    -o CMakeFiles/cmTC_ae36c.dir/testCXXCompiler.cxx.o -c /home/dxnu/private/limiu/findex/build/CMakeFiles/CMakeTmp/testCXXCompiler.cxx
/home/dxnu/private/limiu/findex/build/CMakeFiles/CMakeTmp/testCXXCompiler.cxx:1: internal compiler error: 段错误
 #ifndef __cplusplus
 
0x7fac43293c9f ???
	/build/glibc-2.28.31/signal/../sysdeps/unix/sysv/linux/x86_64/sigaction.c:0
0x7fac432801fa __libc_start_main
	../csu/libc-start.c:308
Please submit a full bug report,
with preprocessed source if appropriate.
Please include the complete backtrace with any bug report.
See <file:///usr/share/doc/gcc-8/README.Bugs> for instructions.
make[1]: *** [CMakeFiles/cmTC_ae36c.dir/build.make:78：CMakeFiles/cmTC_ae36c.dir/testCXXCompiler.cxx.o] 错误 1
make[1]: 离开目录“/home/dxnu/private/limiu/findex/build/CMakeFiles/CMakeTmp”
make: *** [Makefile:127：cmTC_ae36c/fast] 错误 2



Compiling the CXX compiler identification source file "CMakeCXXCompilerId.cpp" failed.
Compiler: /usr/bin/c++ 
Build flags: 
Id flags:  

The output was:
1
CMakeCXXCompilerId.cpp:1: internal compiler error: 段错误
 /* This source file must have a .cpp extension so that all C++ compilers
 
0x7f1ab5b84c9f ???
	/build/glibc-2.28.31/signal/../sysdeps/unix/sysv/linux/x86_64/sigaction.c:0
0x7f1ab5b711fa __libc_start_main
	../csu/libc-start.c:308
Please submit a full bug report,
with preprocessed source if appropriate.
Please include the complete backtrace with any bug report.
See <file:///usr/share/doc/gcc-8/README.Bugs> for instructions.


Compiling the CXX compiler identification source file "CMakeCXXCompilerId.cpp" failed.
Compiler: /usr/bin/c++ 
Build flags: 
Id flags: -c 

The output was:
1
CMakeCXXCompilerId.cpp:1: internal compiler error: 段错误
 /* This source file must have a .cpp extension so that all C++ compilers
 
0x7f057bcb1c9f ???
	/build/glibc-2.28.31/signal/../sysdeps/unix/sysv/linux/x86_64/sigaction.c:0
0x7f057bc9e1fa __libc_start_main
	../csu/libc-start.c:308
Please submit a full bug report,
with preprocessed source if appropriate.
Please include the complete backtrace with any bug report.
See <file:///usr/share/doc/gcc-8/README.Bugs> for instructions.


Compiling the CXX compiler identification source file "CMakeCXXCompilerId.cpp" failed.
Compiler: /usr/bin/c++ 
Build flags: 
Id flags: --c++ 

The output was:
1
c++: error: unrecognized command line option ‘--c++’


Compiling the CXX compiler identification source file "CMakeCXXCompilerId.cpp" failed.
Compiler: /usr/bin/c++ 
Build flags: 
Id flags: --ec++ 

The output was:
1
c++: error: unrecognized command line option ‘--ec++’; did you mean ‘-Weffc++’?


Compiling the CXX compiler identification source file "CMakeCXXCompilerId.cpp" failed.
Compiler: /usr/bin/c++ 
Build flags: 
Id flags: --target=arm-arm-none-eabi;-mcpu=cortex-m3 

The output was:
1
c++: warning: ‘-mcpu=’ is deprecated; use ‘-mtune=’ or ‘-march=’ instead
c++: error: unrecognized command line option ‘--target=arm-arm-none-eabi’


Compiling the CXX compiler identification source file "CMakeCXXCompilerId.cpp" failed.
Compiler: /usr/bin/c++ 
Build flags: 
Id flags: -c;-I__does_not_exist__ 

The output was:
1
CMakeCXXCompilerId.cpp:1: internal compiler error: 段错误
 /* This source file must have a .cpp extension so that all C++ compilers
 
0x7fc6152acc9f ???
	/build/glibc-2.28.31/signal/../sysdeps/unix/sysv/linux/x86_64/sigaction.c:0
0x7fc6152991fa __libc_start_main
	../csu/libc-start.c:308
Please submit a full bug report,
with preprocessed source if appropriate.
Please include the complete backtrace with any bug report.
See <file:///usr/share/doc/gcc-8/README.Bugs> for instructions.


Compiling the CXX compiler identification source file "CMakeCXXCompilerId.cpp" failed.
Compiler: /usr/bin/c++ 
Build flags: 
Id flags:  

The output was:
1
CMakeCXXCompilerId.cpp:1: internal compiler error: 段错误
 /* This source file must have a .cpp extension so that all C++ compilers
 
0x7fc967d79c9f ???
	/build/glibc-2.28.31/signal/../sysdeps/unix/sysv/linux/x86_64/sigaction.c:0
0x7fc967d661fa __libc_start_main
	../csu/libc-start.c:308
Please submit a full bug report,
with preprocessed source if appropriate.
Please include the complete backtrace with any bug report.
See <file:///usr/share/doc/gcc-8/README.Bugs> for instructions.


Compiling the CXX compiler identification source file "CMakeCXXCompilerId.cpp" failed.
Compiler: /usr/bin/c++ 
Build flags: 
Id flags: -c 

The output was:
1
CMakeCXXCompilerId.cpp:1: internal compiler error: 段错误
 /* This source file must have a .cpp extension so that all C++ compilers
 
0x7fdba6f06c9f ???
	/build/glibc-2.28.31/signal/../sysdeps/unix/sysv/linux/x86_64/sigaction.c:0
0x7fdba6ef31fa __libc_start_main
	../csu/libc-start.c:308
Please submit a full bug report,
with preprocessed source if appropriate.
Please include the complete backtrace with any bug report.
See <file:///usr/share/doc/gcc-8/README.Bugs> for instructions.


Compiling the CXX compiler identification source file "CMakeCXXCompilerId.cpp" failed.
Compiler: /usr/bin/c++ 
Build flags: 
Id flags: --c++ 

The output was:
1
c++: error: unrecognized command line option ‘--c++’


Compiling the CXX compiler identification source file "CMakeCXXCompilerId.cpp" failed.
Compiler: /usr/bin/c++ 
Build flags: 
Id flags: --ec++ 

The output was:
1
c++: error: unrecognized command line option ‘--ec++’; did you mean ‘-Weffc++’?


Compiling the CXX compiler identification source file "CMakeCXXCompilerId.cpp" failed.
Compiler: /usr/bin/c++ 
Build flags: 
Id flags: --target=arm-arm-none-eabi;-mcpu=cortex-m3 

The output was:
1
c++: warning: ‘-mcpu=’ is deprecated; use ‘-mtune=’ or ‘-march=’ instead
c++: error: unrecognized command line option ‘--target=arm-arm-none-eabi’


Compiling the CXX compiler identification source file "CMakeCXXCompilerId.cpp" failed.
Compiler: /usr/bin/c++ 
Build flags: 
Id flags: -c;-I__does_not_exist__ 

The output was:
1
CMakeCXXCompilerId.cpp:1: internal compiler error: 段错误
 /* This source file must have a .cpp extension so that all C++ compilers
 
0x7f3a8a9ddc9f ???
	/build/glibc-2.28.31/signal/../sysdeps/unix/sysv/linux/x86_64/sigaction.c:0
0x7f3a8a9ca1fa __libc_start_main
	../csu/libc-start.c:308
Please submit a full bug report,
with preprocessed source if appropriate.
Please include the complete backtrace with any bug report.
See <file:///usr/share/doc/gcc-8/README.Bugs> for instructions.


Checking whether the CXX compiler is IAR using "" did not match "IAR .+ Compiler":
c++: fatal error: no input files
compilation terminated.
Checking whether the CXX compiler is IAR using "" did not match "IAR .+ Compiler":
c++: fatal error: no input files
compilation terminated.
Detecting CXX compiler ABI info failed to compile with the following output:
Change Dir: /home/dxnu/private/limiu/findex/build/CMakeFiles/CMakeTmp

Run Build Command(s):/usr/bin/make -f Makefile cmTC_56886/fast && /usr/bin/make  -f CMakeFiles/cmTC_56886.dir/build.make CMakeFiles/cmTC_56886.dir/build
make[1]: Entering directory '/home/dxnu/private/limiu/findex/build/CMakeFiles/CMakeTmp'
Building CXX object CMakeFiles/cmTC_56886.dir/CMakeCXXCompilerABI.cpp.o
/usr/bin/c++    -o CMakeFiles/cmTC_56886.dir/CMakeCXXCompilerABI.cpp.o -c /usr/share/cmake-3.22/Modules/CMakeCXXCompilerABI.cpp
/usr/share/cmake-3.22/Modules/CMakeCXXCompilerABI.cpp:1: internal compiler error: Segmentation fault
 #ifndef __cplusplus
 
0x7f095db40c9f ???
	/build/glibc-2.28.31/signal/../sysdeps/unix/sysv/linux/x86_64/sigaction.c:0
0x7f095db2d1fa __libc_start_main
	../csu/libc-start.c:308
Please submit a full bug report,
with preprocessed source if appropriate.
Please include the complete backtrace with any bug report.
See <file:///usr/share/doc/gcc-8/README.Bugs> for instructions.
make[1]: *** [CMakeFiles/cmTC_56886.dir/build.make:78: CMakeFiles/cmTC_56886.dir/CMakeCXXCompilerABI.cpp.o] Error 1
make[1]: Leaving directory '/home/dxnu/private/limiu/findex/build/CMakeFiles/CMakeTmp'
make: *** [Makefile:127: cmTC_56886/fast] Error 2




Determining if the CXX compiler works failed with the following output:
Change Dir: /home/dxnu/private/limiu/findex/build/CMakeFiles/CMakeTmp

Run Build Command(s):/usr/bin/make -f Makefile cmTC_d104c/fast && /usr/bin/make  -f CMakeFiles/cmTC_d104c.dir/build.make CMakeFiles/cmTC_d104c.dir/build
make[1]: 进入目录“/home/dxnu/private/limiu/findex/build/CMakeFiles/CMakeTmp”
Building CXX object CMakeFiles/cmTC_d104c.dir/testCXXCompiler.cxx.o
/usr/bin/c++    -o CMakeFiles/cmTC_d104c.dir/testCXXCompiler.cxx.o -c /home/dxnu/private/limiu/findex/build/CMakeFiles/CMakeTmp/testCXXCompiler.cxx
/home/dxnu/private/limiu/findex/build/CMakeFiles/CMakeTmp/testCXXCompiler.cxx:1: internal compiler error: 段错误
 #ifndef __cplusplus
 
0x7f2a06656c9f ???
	/build/glibc-2.28.31/signal/../sysdeps/unix/sysv/linux/x86_64/sigaction.c:0
0x7f2a066431fa __libc_start_main
	../csu/libc-start.c:308
Please submit a full bug report,
with preprocessed source if appropriate.
Please include the complete backtrace with any bug report.
See <file:///usr/share/doc/gcc-8/README.Bugs> for instructions.
make[1]: *** [CMakeFiles/cmTC_d104c.dir/build.make:78：CMakeFiles/cmTC_d104c.dir/testCXXCompiler.cxx.o] 错误 1
make[1]: 离开目录“/home/dxnu/private/limiu/findex/build/CMakeFiles/CMakeTmp”
make: *** [Makefile:127：cmTC_d104c/fast] 错误 2



Compiling the CXX compiler identification source file "CMakeCXXCompilerId.cpp" failed.
Compiler: /usr/bin/c++ 
Build flags: 
Id flags:  

The output was:
1
CMakeCXXCompilerId.cpp:1: internal compiler error: 段错误
 /* This source file must have a .cpp extension so that all C++ compilers
 
0x7fe00b740c9f ???
	/build/glibc-2.28.31/signal/../sysdeps/unix/sysv/linux/x86_64/sigaction.c:0
0x7fe00b72d1fa __libc_start_main
	../csu/libc-start.c:308
Please submit a full bug report,
with preprocessed source if appropriate.
Please include the complete backtrace with any bug report.
See <file:///usr/share/doc/gcc-8/README.Bugs> for instructions.


Compiling the CXX compiler identification source file "CMakeCXXCompilerId.cpp" failed.
Compiler: /usr/bin/c++ 
Build flags: 
Id flags: -c 

The output was:
1
CMakeCXXCompilerId.cpp:1: internal compiler error: 段错误
 /* This source file must have a .cpp extension so that all C++ compilers
 
0x7fb9c58f5c9f ???
	/build/glibc-2.28.31/signal/../sysdeps/unix/sysv/linux/x86_64/sigaction.c:0
0x7fb9c58e21fa __libc_start_main
	../csu/libc-start.c:308
Please submit a full bug report,
with preprocessed source if appropriate.
Please include the complete backtrace with any bug report.
See <file:///usr/share/doc/gcc-8/README.Bugs> for instructions.


Compiling the CXX compiler identification source file "CMakeCXXCompilerId.cpp" failed.
Compiler: /usr/bin/c++ 
Build flags: 
Id flags: --c++ 

The output was:
1
c++: error: unrecognized command line option ‘--c++’


Compiling the CXX compiler identification source file "CMakeCXXCompilerId.cpp" failed.
Compiler: /usr/bin/c++ 
Build flags: 
Id flags: --ec++ 

The output was:
1
c++: error: unrecognized command line option ‘--ec++’; did you mean ‘-Weffc++’?


Compiling the CXX compiler identification source file "CMakeCXXCompilerId.cpp" failed.
Compiler: /usr/bin/c++ 
Build flags: 
Id flags: --target=arm-arm-none-eabi;-mcpu=cortex-m3 

The output was:
1
c++: warning: ‘-mcpu=’ is deprecated; use ‘-mtune=’ or ‘-march=’ instead
c++: error: unrecognized command line option ‘--target=arm-arm-none-eabi’


Compiling the CXX compiler identification source file "CMakeCXXCompilerId.cpp" failed.
Compiler: /usr/bin/c++ 
Build flags: 
Id flags: -c;-I__does_not_exist__ 

The output was:
1
CMakeCXXCompilerId.cpp:1: internal compiler error: 段错误
 /* This source file must have a .cpp extension so that all C++ compilers
 
0x7fc4affc9c9f ???
	/build/glibc-2.28.31/signal/../sysdeps/unix/sysv/linux/x86_64/sigaction.c:0
0x7fc4affb61fa __libc_start_main
	../csu/libc-start.c:308
Please submit a full bug report,
with preprocessed source if appropriate.
Please include the complete backtrace with any bug report.
See <file:///usr/share/doc/gcc-8/README.Bugs> for instructions.


Compiling the CXX compiler identification source file "CMakeCXXCompilerId.cpp" failed.
Compiler: /usr/bin/c++ 
Build flags: 
Id flags:  

The output was:
1
CMakeCXXCompilerId.cpp:1: internal compiler error: 段错误
 /* This source file must have a .cpp extension so that all C++ compilers
 
0x7f7c8e0a2c9f ???
	/build/glibc-2.28.31/signal/../sysdeps/unix/sysv/linux/x86_64/sigaction.c:0
0x7f7c8e08f1fa __libc_start_main
	../csu/libc-start.c:308
Please submit a full bug report,
with preprocessed source if appropriate.
Please include the complete backtrace with any bug report.
See <file:///usr/share/doc/gcc-8/README.Bugs> for instructions.


Compiling the CXX compiler identification source file "CMakeCXXCompilerId.cpp" failed.
Compiler: /usr/bin/c++ 
Build flags: 
Id flags: -c 

The output was:
1
CMakeCXXCompilerId.cpp:1: internal compiler error: 段错误
 /* This source file must have a .cpp extension so that all C++ compilers
 
0x7f063b0d0c9f ???
	/build/glibc-2.28.31/signal/../sysdeps/unix/sysv/linux/x86_64/sigaction.c:0
0x7f063b0bd1fa __libc_start_main
	../csu/libc-start.c:308
Please submit a full bug report,
with preprocessed source if appropriate.
Please include the complete backtrace with any bug report.
See <file:///usr/share/doc/gcc-8/README.Bugs> for instructions.


Compiling the CXX compiler identification source file "CMakeCXXCompilerId.cpp" failed.
Compiler: /usr/bin/c++ 
Build flags: 
Id flags: --c++ 

The output was:
1
c++: error: unrecognized command line option ‘--c++’


Compiling the CXX compiler identification source file "CMakeCXXCompilerId.cpp" failed.
Compiler: /usr/bin/c++ 
Build flags: 
Id flags: --ec++ 

The output was:
1
c++: error: unrecognized command line option ‘--ec++’; did you mean ‘-Weffc++’?


Compiling the CXX compiler identification source file "CMakeCXXCompilerId.cpp" failed.
Compiler: /usr/bin/c++ 
Build flags: 
Id flags: --target=arm-arm-none-eabi;-mcpu=cortex-m3 

The output was:
1
c++: warning: ‘-mcpu=’ is deprecated; use ‘-mtune=’ or ‘-march=’ instead
c++: error: unrecognized command line option ‘--target=arm-arm-none-eabi’


Compiling the CXX compiler identification source file "CMakeCXXCompilerId.cpp" failed.
Compiler: /usr/bin/c++ 
Build flags: 
Id flags: -c;-I__does_not_exist__ 

The output was:
1
CMakeCXXCompilerId.cpp:1: internal compiler error: 段错误
 /* This source file must have a .cpp extension so that all C++ compilers
 
0x7fe04dd06c9f ???
	/build/glibc-2.28.31/signal/../sysdeps/unix/sysv/linux/x86_64/sigaction.c:0
0x7fe04dcf31fa __libc_start_main
	../csu/libc-start.c:308
Please submit a full bug report,
with preprocessed source if appropriate.
Please include the complete backtrace with any bug report.
See <file:///usr/share/doc/gcc-8/README.Bugs> for instructions.


Checking whether the CXX compiler is IAR using "" did not match "IAR .+ Compiler":
c++: fatal error: no input files
compilation terminated.
Checking whether the CXX compiler is IAR using "" did not match "IAR .+ Compiler":
c++: fatal error: no input files
compilation terminated.
Detecting CXX compiler ABI info failed to compile with the following output:
Change Dir: /home/dxnu/private/limiu/findex/build/CMakeFiles/CMakeTmp

Run Build Command(s):/usr/bin/make -f Makefile cmTC_bbf54/fast && /usr/bin/make  -f CMakeFiles/cmTC_bbf54.dir/build.make CMakeFiles/cmTC_bbf54.dir/build
make[1]: Entering directory '/home/dxnu/private/limiu/findex/build/CMakeFiles/CMakeTmp'
Building CXX object CMakeFiles/cmTC_bbf54.dir/CMakeCXXCompilerABI.cpp.o
/usr/bin/c++    -o CMakeFiles/cmTC_bbf54.dir/CMakeCXXCompilerABI.cpp.o -c /usr/share/cmake-3.22/Modules/CMakeCXXCompilerABI.cpp
/usr/share/cmake-3.22/Modules/CMakeCXXCompilerABI.cpp:1: internal compiler error: Segmentation fault
 #ifndef __cplusplus
 
0x7f0b81bf9c9f ???
	/build/glibc-2.28.31/signal/../sysdeps/unix/sysv/linux/x86_64/sigaction.c:0
0x7f0b81be61fa __libc_start_main
	../csu/libc-start.c:308
Please submit a full bug report,
with preprocessed source if appropriate.
Please include the complete backtrace with any bug report.
See <file:///usr/share/doc/gcc-8/README.Bugs> for instructions.
make[1]: *** [CMakeFiles/cmTC_bbf54.dir/build.make:78: CMakeFiles/cmTC_bbf54.dir/CMakeCXXCompilerABI.cpp.o] Error 1
make[1]: Leaving directory '/home/dxnu/private/limiu/findex/build/CMakeFiles/CMakeTmp'
make: *** [Makefile:127: cmTC_bbf54/fast] Error 2




Determining if the CXX compiler works failed with the following output:
Change Dir: /home/dxnu/private/limiu/findex/build/CMakeFiles/CMakeTmp

Run Build Command(s):/usr/bin/make -f Makefile cmTC_fcedc/fast && /usr/bin/make  -f CMakeFiles/cmTC_fcedc.dir/build.make CMakeFiles/cmTC_fcedc.dir/build
make[1]: 进入目录“/home/dxnu/private/limiu/findex/build/CMakeFiles/CMakeTmp”
Building CXX object CMakeFiles/cmTC_fcedc.dir/testCXXCompiler.cxx.o
/usr/bin/c++    -o CMakeFiles/cmTC_fcedc.dir/testCXXCompiler.cxx.o -c /home/dxnu/private/limiu/findex/build/CMakeFiles/CMakeTmp/testCXXCompiler.cxx
/home/dxnu/private/limiu/findex/build/CMakeFiles/CMakeTmp/testCXXCompiler.cxx:1: internal compiler error: 段错误
 #ifndef __cplusplus
 
0x7f3c509a2c9f ???
	/build/glibc-2.28.31/signal/../sysdeps/unix/sysv/linux/x86_64/sigaction.c:0
0x7f3c5098f1fa __libc_start_main
	../csu/libc-start.c:308
Please submit a full bug report,
with preprocessed source if appropriate.
Please include the complete backtrace with any bug report.
See <file:///usr/share/doc/gcc-8/README.Bugs> for instructions.
make[1]: *** [CMakeFiles/cmTC_fcedc.dir/build.make:78：CMakeFiles/cmTC_fcedc.dir/testCXXCompiler.cxx.o] 错误 1
make[1]: 离开目录“/home/dxnu/private/limiu/findex/build/CMakeFiles/CMakeTmp”
make: *** [Makefile:127：cmTC_fcedc/fast] 错误 2



